[0m17:55:30.910821 [debug] [MainThread]: Sending event: {'category': 'dbt', 'action': 'invocation', 'label': 'start', 'context': [<snowplow_tracker.self_describing_json.SelfDescribingJson object at 0x1135712b0>, <snowplow_tracker.self_describing_json.SelfDescribingJson object at 0x1146aba10>, <snowplow_tracker.self_describing_json.SelfDescribingJson object at 0x1146ab6e0>]}


============================== 17:55:30.915148 | 931f091c-130c-4bb5-b75a-a3a0a92f9896 ==============================
[0m17:55:30.915148 [info ] [MainThread]: Running with dbt=1.11.11
[0m17:55:30.915556 [debug] [MainThread]: running dbt with arguments {'cache_selected_only': 'False', 'debug': 'False', 'version_check': 'True', 'invocation_command': 'dbt init', 'log_cache_events': 'False', 'warn_error': 'None', 'indirect_selection': 'eager', 'fail_fast': 'False', 'target_path': 'None', 'printer_width': '80', 'use_experimental_parser': 'False', 'log_format': 'default', 'partial_parse': 'True', 'static_parser': 'True', 'profiles_dir': '/Users/akshatsrivastava/.dbt', 'use_colors': 'True', 'no_print': 'None', 'warn_error_options': 'WarnErrorOptionsV2(error=[], warn=[], silence=[])', 'quiet': 'False', 'write_json': 'True', 'log_path': 'logs', 'send_anonymous_usage_stats': 'True', 'introspect': 'True', 'empty': 'None'}
[0m17:55:30.925703 [info ] [MainThread]: Creating dbt configuration folder at /Users/akshatsrivastava/.dbt
[0m18:00:00.565854 [debug] [MainThread]: Sending event: {'category': 'dbt', 'action': 'invocation', 'label': 'start', 'context': [<snowplow_tracker.self_describing_json.SelfDescribingJson object at 0x121cace00>, <snowplow_tracker.self_describing_json.SelfDescribingJson object at 0x1222a7b60>, <snowplow_tracker.self_describing_json.SelfDescribingJson object at 0x1222a7890>]}


============================== 18:00:00.569321 | b98bc226-2775-4ad5-85f8-ed703ba0d034 ==============================
[0m18:00:00.569321 [info ] [MainThread]: Running with dbt=1.11.11
[0m18:00:00.569696 [debug] [MainThread]: running dbt with arguments {'use_experimental_parser': 'False', 'debug': 'False', 'introspect': 'True', 'log_cache_events': 'False', 'warn_error_options': 'WarnErrorOptionsV2(error=[], warn=[], silence=[])', 'write_json': 'True', 'send_anonymous_usage_stats': 'True', 'indirect_selection': 'eager', 'target_path': 'None', 'cache_selected_only': 'False', 'no_print': 'None', 'quiet': 'False', 'use_colors': 'True', 'partial_parse': 'True', 'printer_width': '80', 'empty': 'None', 'invocation_command': 'dbt init', 'version_check': 'True', 'profiles_dir': '/Users/akshatsrivastava/.dbt', 'log_format': 'default', 'static_parser': 'True', 'log_path': 'logs', 'fail_fast': 'False', 'warn_error': 'None'}
[0m18:00:11.055496 [debug] [MainThread]: Starter project path: /Users/akshatsrivastava/Documents/resume/airbnb_pipeline/.venv/lib/python3.12/site-packages/dbt/include/starter_project
[0m18:00:11.070367 [info ] [MainThread]: 
Your new dbt project "pipeline_project_dbt" was created!

For more information on how to configure the profiles.yml file,
please consult the dbt documentation here:

  https://docs.getdbt.com/docs/configure-your-profile

One more thing:

Need help? Don't hesitate to reach out to us via GitHub issues or on Slack:

  https://community.getdbt.com/

Happy modeling!

[0m18:00:11.071061 [info ] [MainThread]: Setting up your profile.
[0m18:00:15.950323 [debug] [MainThread]: Snowflake adapter: Setting snowflake.connector to ERROR (file logging only)
[0m18:00:15.950658 [debug] [MainThread]: Snowflake adapter: Setting botocore to ERROR (file logging only)
[0m18:00:15.950833 [debug] [MainThread]: Snowflake adapter: Setting boto3 to ERROR (file logging only)
[0m18:03:15.074344 [info ] [MainThread]: Profile pipeline_project_dbt written to /Users/akshatsrivastava/.dbt/profiles.yml using target's profile_template.yml and your supplied values. Run 'dbt debug' to validate the connection.
[0m18:03:15.156659 [debug] [MainThread]: Resource report: {"command_name": "init", "command_success": true, "command_wall_clock_time": 194.65096, "process_in_blocks": "0", "process_kernel_time": 0.321594, "process_mem_max_rss": "131104768", "process_out_blocks": "0", "process_user_time": 1.161563}
[0m18:03:15.159391 [debug] [MainThread]: Command `dbt init` succeeded at 18:03:15.159111 after 194.65 seconds
[0m18:03:15.160706 [debug] [MainThread]: Sending event: {'category': 'dbt', 'action': 'invocation', 'label': 'end', 'context': [<snowplow_tracker.self_describing_json.SelfDescribingJson object at 0x102a12ae0>, <snowplow_tracker.self_describing_json.SelfDescribingJson object at 0x1229d1f10>, <snowplow_tracker.self_describing_json.SelfDescribingJson object at 0x123b35d60>]}
[0m18:03:15.161368 [debug] [MainThread]: Flushing usage events
[0m18:03:16.587928 [debug] [MainThread]: An error was encountered while trying to flush usage events
[0m18:03:38.745384 [debug] [MainThread]: Sending event: {'category': 'dbt', 'action': 'invocation', 'label': 'start', 'context': [<snowplow_tracker.self_describing_json.SelfDescribingJson object at 0x107028e00>, <snowplow_tracker.self_describing_json.SelfDescribingJson object at 0x1074238c0>, <snowplow_tracker.self_describing_json.SelfDescribingJson object at 0x1074235c0>]}


============================== 18:03:38.748565 | 5d29d662-39dc-4304-b029-3ad7c4b020e4 ==============================
[0m18:03:38.748565 [info ] [MainThread]: Running with dbt=1.11.11
[0m18:03:38.748908 [debug] [MainThread]: running dbt with arguments {'partial_parse': 'True', 'static_parser': 'True', 'debug': 'False', 'profiles_dir': '/Users/akshatsrivastava/.dbt', 'write_json': 'True', 'log_cache_events': 'False', 'use_colors': 'True', 'quiet': 'False', 'log_format': 'default', 'indirect_selection': 'eager', 'log_path': 'logs', 'fail_fast': 'False', 'cache_selected_only': 'False', 'introspect': 'True', 'printer_width': '80', 'target_path': 'None', 'send_anonymous_usage_stats': 'True', 'warn_error': 'None', 'empty': 'None', 'warn_error_options': 'WarnErrorOptionsV2(error=[], warn=[], silence=[])', 'no_print': 'None', 'version_check': 'True', 'invocation_command': 'dbt debug', 'use_experimental_parser': 'False'}
[0m18:03:38.761011 [info ] [MainThread]: dbt version: 1.11.11
[0m18:03:38.761300 [info ] [MainThread]: python version: 3.12.10
[0m18:03:38.761462 [info ] [MainThread]: python path: /Users/akshatsrivastava/Documents/resume/airbnb_pipeline/.venv/bin/python3.12
[0m18:03:38.761609 [info ] [MainThread]: os info: macOS-26.5.1-arm64-arm-64bit
[0m18:03:39.025625 [debug] [MainThread]: Snowflake adapter: Setting snowflake.connector to ERROR (file logging only)
[0m18:03:39.025942 [debug] [MainThread]: Snowflake adapter: Setting botocore to ERROR (file logging only)
[0m18:03:39.026181 [debug] [MainThread]: Snowflake adapter: Setting boto3 to ERROR (file logging only)
[0m18:03:39.059779 [info ] [MainThread]: Using profiles dir at /Users/akshatsrivastava/.dbt
[0m18:03:39.060047 [info ] [MainThread]: Using profiles.yml file at /Users/akshatsrivastava/.dbt/profiles.yml
[0m18:03:39.060263 [info ] [MainThread]: Using dbt_project.yml file at /Users/akshatsrivastava/Documents/resume/airbnb_pipeline/dbt_project.yml
[0m18:03:39.060917 [info ] [MainThread]: adapter type: snowflake
[0m18:03:39.061083 [info ] [MainThread]: adapter version: 1.11.5
[0m18:03:39.061236 [info ] [MainThread]: Configuration:
[0m18:03:39.061372 [info ] [MainThread]:   profiles.yml file [[32mOK found and valid[0m]
[0m18:03:39.061506 [info ] [MainThread]:   dbt_project.yml file [[31mERROR not found[0m]
[0m18:03:39.061635 [info ] [MainThread]: Required dependencies:
[0m18:03:39.061812 [debug] [MainThread]: Executing "git --help"
[0m18:03:39.073520 [debug] [MainThread]: STDOUT: "b"usage: git [-v | --version] [-h | --help] [-C <path>] [-c <name>=<value>]\n           [--exec-path[=<path>]] [--html-path] [--man-path] [--info-path]\n           [-p | --paginate | -P | --no-pager] [--no-replace-objects] [--no-lazy-fetch]\n           [--no-optional-locks] [--no-advice] [--bare] [--git-dir=<path>]\n           [--work-tree=<path>] [--namespace=<name>] [--config-env=<name>=<envvar>]\n           <command> [<args>]\n\nThese are common Git commands used in various situations:\n\nstart a working area (see also: git help tutorial)\n   clone      Clone a repository into a new directory\n   init       Create an empty Git repository or reinitialize an existing one\n\nwork on the current change (see also: git help everyday)\n   add        Add file contents to the index\n   mv         Move or rename a file, a directory, or a symlink\n   restore    Restore working tree files\n   rm         Remove files from the working tree and from the index\n\nexamine the history and state (see also: git help revisions)\n   bisect     Use binary search to find the commit that introduced a bug\n   diff       Show changes between commits, commit and working tree, etc\n   grep       Print lines matching a pattern\n   log        Show commit logs\n   show       Show various types of objects\n   status     Show the working tree status\n\ngrow, mark and tweak your common history\n   backfill   Download missing objects in a partial clone\n   branch     List, create, or delete branches\n   commit     Record changes to the repository\n   merge      Join two or more development histories together\n   rebase     Reapply commits on top of another base tip\n   reset      Reset current HEAD to the specified state\n   switch     Switch branches\n   tag        Create, list, delete or verify a tag object signed with GPG\n\ncollaborate (see also: git help workflows)\n   fetch      Download objects and refs from another repository\n   pull       Fetch from and integrate with another repository or a local branch\n   push       Update remote refs along with associated objects\n\n'git help -a' and 'git help -g' list available subcommands and some\nconcept guides. See 'git help <command>' or 'git help <concept>'\nto read about a specific subcommand or concept.\nSee 'git help git' for an overview of the system.\n""
[0m18:03:39.073990 [debug] [MainThread]: STDERR: "b''"
[0m18:03:39.074154 [info ] [MainThread]:  - git [[32mOK found[0m]

[0m18:03:39.074346 [info ] [MainThread]: Connection:
[0m18:03:39.074539 [info ] [MainThread]:   account: HXJYJVB-TTB93059
[0m18:03:39.074674 [info ] [MainThread]:   user: akshatsri123
[0m18:03:39.074803 [info ] [MainThread]:   database: airbnb
[0m18:03:39.074930 [info ] [MainThread]:   warehouse: compute_wh
[0m18:03:39.075054 [info ] [MainThread]:   role: accountadmin
[0m18:03:39.075179 [info ] [MainThread]:   schema: dbt_schema
[0m18:03:39.075302 [info ] [MainThread]:   authenticator: None
[0m18:03:39.075425 [info ] [MainThread]:   oauth_client_id: None
[0m18:03:39.075548 [info ] [MainThread]:   query_tag: None
[0m18:03:39.075673 [info ] [MainThread]:   client_session_keep_alive: False
[0m18:03:39.075794 [info ] [MainThread]:   host: None
[0m18:03:39.075919 [info ] [MainThread]:   port: None
[0m18:03:39.076041 [info ] [MainThread]:   proxy_host: None
[0m18:03:39.076167 [info ] [MainThread]:   proxy_port: None
[0m18:03:39.076290 [info ] [MainThread]:   protocol: None
[0m18:03:39.076413 [info ] [MainThread]:   connect_retries: 1
[0m18:03:39.076690 [info ] [MainThread]:   connect_timeout: None
[0m18:03:39.076980 [info ] [MainThread]:   retry_on_database_errors: False
[0m18:03:39.077146 [info ] [MainThread]:   retry_all: False
[0m18:03:39.077336 [info ] [MainThread]:   insecure_mode: False
[0m18:03:39.077484 [info ] [MainThread]:   reuse_connections: True
[0m18:03:39.077625 [info ] [MainThread]:   s3_stage_vpce_dns_name: None
[0m18:03:39.077761 [info ] [MainThread]:   platform_detection_timeout_seconds: 0.0
[0m18:03:39.078158 [info ] [MainThread]: Registered adapter: snowflake=1.11.5
[0m18:03:39.150447 [debug] [MainThread]: Acquiring new snowflake connection 'debug'
[0m18:03:39.180251 [debug] [MainThread]: Using snowflake connection "debug"
[0m18:03:39.180480 [debug] [MainThread]: On debug: select 1 as id
[0m18:03:39.180631 [debug] [MainThread]: Opening a new connection, currently in state init
[0m18:03:43.937167 [debug] [MainThread]: SQL status: SUCCESS 1 in 4.756 seconds
[0m18:03:43.939316 [info ] [MainThread]:   Connection test: [[32mOK connection ok[0m]

[0m18:03:43.939962 [info ] [MainThread]: [31m1 check failed:[0m
[0m18:03:43.940409 [info ] [MainThread]: Project loading failed for the following reason:
 project path </Users/akshatsrivastava/Documents/resume/airbnb_pipeline/dbt_project.yml> not found

[0m18:03:43.943889 [debug] [MainThread]: Resource report: {"command_name": "debug", "command_success": false, "command_wall_clock_time": 5.2519917, "process_in_blocks": "0", "process_kernel_time": 0.286938, "process_mem_max_rss": "162611200", "process_out_blocks": "0", "process_user_time": 1.321637}
[0m18:03:43.944281 [debug] [MainThread]: Command `dbt debug` failed at 18:03:43.944211 after 5.25 seconds
[0m18:03:43.944527 [debug] [MainThread]: Connection 'debug' was left open.
[0m18:03:43.944681 [debug] [MainThread]: On debug: Close
[0m18:03:44.653407 [debug] [MainThread]: Sending event: {'category': 'dbt', 'action': 'invocation', 'label': 'end', 'context': [<snowplow_tracker.self_describing_json.SelfDescribingJson object at 0x109030290>, <snowplow_tracker.self_describing_json.SelfDescribingJson object at 0x107dd9640>, <snowplow_tracker.self_describing_json.SelfDescribingJson object at 0x107ea1a60>]}
[0m18:03:44.654623 [debug] [MainThread]: Flushing usage events
[0m18:03:45.927319 [debug] [MainThread]: An error was encountered while trying to flush usage events
